<?xml version="1.0" encoding="UTF-8"?>
<testng-results skipped="0" failed="0" total="1" passed="1">
  <reporter-output>
  </reporter-output>
  <suite name="Suite" duration-ms="12880" started-at="2015-05-18T13:05:50Z" finished-at="2015-05-18T13:06:03Z">
    <groups>
    </groups>
    <test name="Test" duration-ms="12880" started-at="2015-05-18T13:05:50Z" finished-at="2015-05-18T13:06:03Z">
      <class name="com.adobe.fin.loginPOTest">
        <test-method status="PASS" signature="loginPOTest_1()" name="loginPOTest_1" duration-ms="12869" started-at="2015-05-18T13:05:50Z" finished-at="2015-05-18T13:06:03Z">
        </test-method>
      </class>
    </test>
  </suite>
</testng-results>
